<?xml version="1.0" encoding="UTF-8"?>
<!-- Generated by org.testng.reporters.JUnitXMLReporter -->
<testsuite hostname="DESKTOP-FKLHOGH" ignored="0" name="Default test" tests="6" failures="0" timestamp="31 Dec 2020 15:07:04 GMT" time="411.089" errors="0">
  <testcase name="testValidateuser" time="65.319" classname="testsuitA.Validateuser"/>
  <testcase name="testValidateuser" time="77.854" classname="testsuitA.Validateuser"/>
  <testcase name="testValidateuser" time="63.835" classname="testsuitA.Validateuser"/>
  <testcase name="testValidateuser" time="64.6" classname="testsuitA.Validateuser"/>
  <testcase name="testValidateuser" time="65.291" classname="testsuitA.Validateuser"/>
  <testcase name="testValidateuser" time="67.507" classname="testsuitA.Validateuser"/>
</testsuite> <!-- Default test -->
