<?xml version="1.0" encoding="UTF-8"?>
<testng-results skipped="1" failed="0" ignored="0" total="1" passed="0">
  <reporter-output>
  </reporter-output>
  <suite name="Default suite" duration-ms="19069" started-at="2021-01-06T05:27:45Z" finished-at="2021-01-06T05:28:04Z">
    <groups>
    </groups>
    <test name="Default test" duration-ms="19069" started-at="2021-01-06T05:27:45Z" finished-at="2021-01-06T05:28:04Z">
      <class name="testsuitA.Validateuser">
        <test-method status="FAIL" signature="setUP()[pri:0, instance:testsuitA.Validateuser@29774679]" name="setUP" is-config="true" duration-ms="18979" started-at="2021-01-06T10:57:45Z" finished-at="2021-01-06T10:58:04Z">
          <exception class="org.openqa.selenium.SessionNotCreatedException">
            <message>
              <![CDATA[session not created
from chrome not reachable
  (Session info: chrome=87.0.4280.88)
Build info: version: '3.141.59', revision: 'e82be7d358', time: '2018-11-14T08:17:03'
System info: host: 'DESKTOP-FKLHOGH', ip: '192.168.100.211', os.name: 'Windows 10', os.arch: 'amd64', os.version: '10.0', java.version: '1.8.0_271'
Driver info: driver.version: ChromeDriver
remote stacktrace: Backtrace:
	Ordinal0 [0x003DC0C3+3326147]
	Ordinal0 [0x002C0851+2164817]
	Ordinal0 [0x00147140+618816]
	Ordinal0 [0x0013D404+578564]
	Ordinal0 [0x0013DACB+580299]
	Ordinal0 [0x0013ED35+585013]
	Ordinal0 [0x00139D61+564577]
	Ordinal0 [0x001482C0+623296]
	Ordinal0 [0x000E6BDD+224221]
	Ordinal0 [0x000E5CAC+220332]
	Ordinal0 [0x000E189B+202907]
	Ordinal0 [0x000C3DF4+81396]
	Ordinal0 [0x000C4DEE+85486]
	Ordinal0 [0x000C4D79+85369]
	Ordinal0 [0x002D85DC+2262492]
	GetHandleVerifier [0x00562874+1487204]
	GetHandleVerifier [0x005623CD+1486013]
	GetHandleVerifier [0x0056A368+1518680]
	GetHandleVerifier [0x00562F4E+1488958]
	Ordinal0 [0x002CED0D+2223373]
	Ordinal0 [0x002DA12B+2269483]
	Ordinal0 [0x002DA26F+2269807]
	Ordinal0 [0x002EECB8+2354360]
	BaseThreadInitThunk [0x75C4FA29+25]
	RtlGetAppContainerNamedObjectPath [0x771E75F4+228]
	RtlGetAppContainerNamedObjectPath [0x771E75C4+180]
	(No symbol) [0x00000000]
]]>
            </message>
            <full-stacktrace>
              <![CDATA[org.openqa.selenium.SessionNotCreatedException: session not created
from chrome not reachable
  (Session info: chrome=87.0.4280.88)
Build info: version: '3.141.59', revision: 'e82be7d358', time: '2018-11-14T08:17:03'
System info: host: 'DESKTOP-FKLHOGH', ip: '192.168.100.211', os.name: 'Windows 10', os.arch: 'amd64', os.version: '10.0', java.version: '1.8.0_271'
Driver info: driver.version: ChromeDriver
remote stacktrace: Backtrace:
	Ordinal0 [0x003DC0C3+3326147]
	Ordinal0 [0x002C0851+2164817]
	Ordinal0 [0x00147140+618816]
	Ordinal0 [0x0013D404+578564]
	Ordinal0 [0x0013DACB+580299]
	Ordinal0 [0x0013ED35+585013]
	Ordinal0 [0x00139D61+564577]
	Ordinal0 [0x001482C0+623296]
	Ordinal0 [0x000E6BDD+224221]
	Ordinal0 [0x000E5CAC+220332]
	Ordinal0 [0x000E189B+202907]
	Ordinal0 [0x000C3DF4+81396]
	Ordinal0 [0x000C4DEE+85486]
	Ordinal0 [0x000C4D79+85369]
	Ordinal0 [0x002D85DC+2262492]
	GetHandleVerifier [0x00562874+1487204]
	GetHandleVerifier [0x005623CD+1486013]
	GetHandleVerifier [0x0056A368+1518680]
	GetHandleVerifier [0x00562F4E+1488958]
	Ordinal0 [0x002CED0D+2223373]
	Ordinal0 [0x002DA12B+2269483]
	Ordinal0 [0x002DA26F+2269807]
	Ordinal0 [0x002EECB8+2354360]
	BaseThreadInitThunk [0x75C4FA29+25]
	RtlGetAppContainerNamedObjectPath [0x771E75F4+228]
	RtlGetAppContainerNamedObjectPath [0x771E75C4+180]
	(No symbol) [0x00000000]

	at sun.reflect.NativeConstructorAccessorImpl.newInstance0(Native Method)
	at sun.reflect.NativeConstructorAccessorImpl.newInstance(Unknown Source)
	at sun.reflect.DelegatingConstructorAccessorImpl.newInstance(Unknown Source)
	at java.lang.reflect.Constructor.newInstance(Unknown Source)
	at org.openqa.selenium.remote.W3CHandshakeResponse.lambda$errorHandler$0(W3CHandshakeResponse.java:62)
	at org.openqa.selenium.remote.HandshakeResponse.lambda$getResponseFunction$0(HandshakeResponse.java:30)
	at org.openqa.selenium.remote.ProtocolHandshake.lambda$createSession$0(ProtocolHandshake.java:126)
	at java.util.stream.ReferencePipeline$3$1.accept(Unknown Source)
	at java.util.Spliterators$ArraySpliterator.tryAdvance(Unknown Source)
	at java.util.stream.ReferencePipeline.forEachWithCancel(Unknown Source)
	at java.util.stream.AbstractPipeline.copyIntoWithCancel(Unknown Source)
	at java.util.stream.AbstractPipeline.copyInto(Unknown Source)
	at java.util.stream.AbstractPipeline.wrapAndCopyInto(Unknown Source)
	at java.util.stream.FindOps$FindOp.evaluateSequential(Unknown Source)
	at java.util.stream.AbstractPipeline.evaluate(Unknown Source)
	at java.util.stream.ReferencePipeline.findFirst(Unknown Source)
	at org.openqa.selenium.remote.ProtocolHandshake.createSession(ProtocolHandshake.java:128)
	at org.openqa.selenium.remote.ProtocolHandshake.createSession(ProtocolHandshake.java:74)
	at org.openqa.selenium.remote.HttpCommandExecutor.execute(HttpCommandExecutor.java:136)
	at org.openqa.selenium.remote.service.DriverCommandExecutor.execute(DriverCommandExecutor.java:83)
	at org.openqa.selenium.remote.RemoteWebDriver.execute(RemoteWebDriver.java:552)
	at org.openqa.selenium.remote.RemoteWebDriver.startSession(RemoteWebDriver.java:213)
	at org.openqa.selenium.remote.RemoteWebDriver.<init>(RemoteWebDriver.java:131)
	at org.openqa.selenium.chrome.ChromeDriver.<init>(ChromeDriver.java:181)
	at org.openqa.selenium.chrome.ChromeDriver.<init>(ChromeDriver.java:168)
	at org.openqa.selenium.chrome.ChromeDriver.<init>(ChromeDriver.java:123)
	at Basepackge.Baseinit.startUP(Baseinit.java:43)
	at testsuitA.Validateuser.setUP(Validateuser.java:16)
	at sun.reflect.NativeMethodAccessorImpl.invoke0(Native Method)
	at sun.reflect.NativeMethodAccessorImpl.invoke(Unknown Source)
	at sun.reflect.DelegatingMethodAccessorImpl.invoke(Unknown Source)
	at java.lang.reflect.Method.invoke(Unknown Source)
	at org.testng.internal.MethodInvocationHelper.invokeMethod(MethodInvocationHelper.java:108)
	at org.testng.internal.Invoker.invokeConfigurationMethod(Invoker.java:523)
	at org.testng.internal.Invoker.invokeConfigurations(Invoker.java:224)
	at org.testng.internal.Invoker.invokeConfigurations(Invoker.java:146)
	at org.testng.internal.TestMethodWorker.invokeBeforeClassMethods(TestMethodWorker.java:166)
	at org.testng.internal.TestMethodWorker.run(TestMethodWorker.java:105)
	at org.testng.TestRunner.privateRun(TestRunner.java:744)
	at org.testng.TestRunner.run(TestRunner.java:602)
	at org.testng.SuiteRunner.runTest(SuiteRunner.java:380)
	at org.testng.SuiteRunner.runSequentially(SuiteRunner.java:375)
	at org.testng.SuiteRunner.privateRun(SuiteRunner.java:340)
	at org.testng.SuiteRunner.run(SuiteRunner.java:289)
	at org.testng.SuiteRunnerWorker.runSuite(SuiteRunnerWorker.java:52)
	at org.testng.SuiteRunnerWorker.run(SuiteRunnerWorker.java:86)
	at org.testng.TestNG.runSuitesSequentially(TestNG.java:1301)
	at org.testng.TestNG.runSuitesLocally(TestNG.java:1226)
	at org.testng.TestNG.runSuites(TestNG.java:1144)
	at org.testng.TestNG.run(TestNG.java:1115)
	at org.testng.remote.AbstractRemoteTestNG.run(AbstractRemoteTestNG.java:114)
	at org.testng.remote.RemoteTestNG.initAndRun(RemoteTestNG.java:251)
	at org.testng.remote.RemoteTestNG.main(RemoteTestNG.java:77)
]]>
            </full-stacktrace>
          </exception> <!-- org.openqa.selenium.SessionNotCreatedException -->
          <reporter-output>
          </reporter-output>
        </test-method> <!-- setUP -->
        <test-method status="SKIP" signature="testValidateuser(java.lang.String, java.lang.String)[pri:0, instance:testsuitA.Validateuser@29774679]" name="testValidateuser" duration-ms="0" started-at="2021-01-06T10:58:04Z" data-provider="getdata" finished-at="2021-01-06T10:58:04Z">
          <exception class="java.lang.RuntimeException">
            <message>
              <![CDATA[java.lang.NullPointerException]]>
            </message>
            <full-stacktrace>
              <![CDATA[java.lang.RuntimeException: java.lang.NullPointerException
	at org.testng.internal.MethodInvocationHelper.invokeMethodNoCheckedException(MethodInvocationHelper.java:49)
	at org.testng.internal.MethodInvocationHelper.invokeDataProvider(MethodInvocationHelper.java:115)
	at org.testng.internal.Parameters.handleParameters(Parameters.java:509)
	at org.testng.internal.Invoker.handleParameters(Invoker.java:1308)
	at org.testng.internal.Invoker.createParameters(Invoker.java:1036)
	at org.testng.internal.Invoker.invokeTestMethods(Invoker.java:1126)
	at org.testng.internal.TestMethodWorker.invokeTestMethods(TestMethodWorker.java:126)
	at org.testng.internal.TestMethodWorker.run(TestMethodWorker.java:109)
	at org.testng.TestRunner.privateRun(TestRunner.java:744)
	at org.testng.TestRunner.run(TestRunner.java:602)
	at org.testng.SuiteRunner.runTest(SuiteRunner.java:380)
	at org.testng.SuiteRunner.runSequentially(SuiteRunner.java:375)
	at org.testng.SuiteRunner.privateRun(SuiteRunner.java:340)
	at org.testng.SuiteRunner.run(SuiteRunner.java:289)
	at org.testng.SuiteRunnerWorker.runSuite(SuiteRunnerWorker.java:52)
	at org.testng.SuiteRunnerWorker.run(SuiteRunnerWorker.java:86)
	at org.testng.TestNG.runSuitesSequentially(TestNG.java:1301)
	at org.testng.TestNG.runSuitesLocally(TestNG.java:1226)
	at org.testng.TestNG.runSuites(TestNG.java:1144)
	at org.testng.TestNG.run(TestNG.java:1115)
	at org.testng.remote.AbstractRemoteTestNG.run(AbstractRemoteTestNG.java:114)
	at org.testng.remote.RemoteTestNG.initAndRun(RemoteTestNG.java:251)
	at org.testng.remote.RemoteTestNG.main(RemoteTestNG.java:77)
Caused by: java.lang.NullPointerException
	at Utilitypackge.MyLibrary.getTestData(MyLibrary.java:57)
	at testsuitA.Validateuser.getdata(Validateuser.java:47)
	at sun.reflect.NativeMethodAccessorImpl.invoke0(Native Method)
	at sun.reflect.NativeMethodAccessorImpl.invoke(Unknown Source)
	at sun.reflect.DelegatingMethodAccessorImpl.invoke(Unknown Source)
	at java.lang.reflect.Method.invoke(Unknown Source)
	at org.testng.internal.MethodInvocationHelper.invokeMethod(MethodInvocationHelper.java:108)
	at org.testng.internal.MethodInvocationHelper.invokeMethod(MethodInvocationHelper.java:55)
	at org.testng.internal.MethodInvocationHelper.invokeMethodNoCheckedException(MethodInvocationHelper.java:45)
	... 22 more
]]>
            </full-stacktrace>
          </exception> <!-- java.lang.RuntimeException -->
          <reporter-output>
          </reporter-output>
        </test-method> <!-- testValidateuser -->
      </class> <!-- testsuitA.Validateuser -->
    </test> <!-- Default test -->
  </suite> <!-- Default suite -->
</testng-results>
